<?xml version="1.0" encoding="UTF-8"?>
<!-- Generated by org.testng.reporters.JUnitReportReporter -->
<testsuite hostname="IN6843-01" failures="0" tests="1" name="scripts.ValidLogin" time="26.157" errors="0" timestamp="2021-12-24T07:57:42 IST" skipped="0">
  <testcase classname="scripts.ValidLogin" name="testValidLogin" time="26.157"/>
  <system-out/>
</testsuite> <!-- scripts.ValidLogin -->
