<?xml version="1.0" encoding="UTF-8"?>
<!-- Generated by org.testng.reporters.JUnitReportReporter -->
<testsuite hostname="IN6843-01" failures="0" tests="1" name="scripts.Demo" time="6.107" errors="0" timestamp="2021-12-23T08:01:20 IST" skipped="0">
  <testcase classname="scripts.Demo" name="testA" time="6.107"/>
  <system-out>
    <![CDATA[XL Data:admin
Demo test]]>
  </system-out>
</testsuite> <!-- scripts.Demo -->
